======================================== 
Start time: 2025/04/28 周一 22:47:49.71 
Using conda environment: pytorch_gpu 
Starting Python script execution... 
Traceback (most recent call last):
  File "C:\Users\ZY\Desktop\Forecaster\scripts\task_evaluate.py", line 24, in <module>
    Evaluate_Task.execute_eva() # 依据task_id自动选择类方法创建数据文件
  File "C:\Users\ZY\Desktop\Forecaster\scripts\..\src\model_evaluator\evaluate_src.py", line 76, in execute_eva
    return task_mapping[task_id]()
  File "C:\Users\ZY\Desktop\Forecaster\scripts\..\src\model_evaluator\evaluate_src.py", line 44, in eva_task1
    model_class_dic = joblib.load('../data/user_data/{}/upload_data/model_class_{}_{}_{}.joblib'.format(self.user_id, self.user_id, self.task_id, self.job_number))
  File "C:\ProgramData\Anaconda3\envs\pytorch_gpu\lib\site-packages\joblib\numpy_pickle.py", line 658, in load
    obj = _unpickle(fobj, filename, mmap_mode)
  File "C:\ProgramData\Anaconda3\envs\pytorch_gpu\lib\site-packages\joblib\numpy_pickle.py", line 577, in _unpickle
    obj = unpickler.load()
  File "C:\ProgramData\Anaconda3\envs\pytorch_gpu\lib\pickle.py", line 1213, in load
    dispatch[key[0]](self)
  File "C:\ProgramData\Anaconda3\envs\pytorch_gpu\lib\pickle.py", line 1538, in load_stack_global
    self.append(self.find_class(module, name))
  File "C:\ProgramData\Anaconda3\envs\pytorch_gpu\lib\pickle.py", line 1582, in find_class
    return _getattribute(sys.modules[module], name)[0]
  File "C:\ProgramData\Anaconda3\envs\pytorch_gpu\lib\pickle.py", line 331, in _getattribute
    raise AttributeError("Can't get attribute {!r} on {!r}"
AttributeError: Can't get attribute 'GRU_Encoder' on <module '__main__' from 'C:\\Users\\ZY\\Desktop\\Forecaster\\scripts\\task_evaluate.py'>
 
End time: 2025/04/28 周一 22:47:53.45 
Script execution completed 
